Using pre-set license
Built from '2020.3/china_unity/release' branch; Version is '2020.3.1f1c1 (3e9f4b065a9d) revision 4104011'; Using compiler version '192528614'; Build Type 'Release'
OS: 'Windows 10 Home; OS build 19043.1288; Version 2009; 64bit' Language: 'zh' Physical Memory: 12164 MB
BatchMode: 1, IsHumanControllingUs: 0, StartBugReporterOnCrash: 0, Is64bit: 1, IsPro: 0

 COMMAND LINE ARGUMENTS:
C:\Program Files\Unity\Hub\Editor\2020.3.1f1c1\Editor\Unity.exe
-adb2
-batchMode
-noUpm
-name
AssetImportWorker0
-projectPath
C:/Git/Card/Services/GameDesigner-master/GameDesigner/Example/UnityAnalysis
-logFile
Logs/AssetImportWorker0.log
-srvPort
57167
Successfully changed project path to: C:/Git/Card/Services/GameDesigner-master/GameDesigner/Example/UnityAnalysis
C:/Git/Card/Services/GameDesigner-master/GameDesigner/Example/UnityAnalysis
Using Asset Import Pipeline V2.
Refreshing native plugins compatible for Editor in 31.19 ms, found 0 plugins.
Preloading 0 native plugins for Editor in 0.00 ms.
Initialize engine version: 2020.3.1f1c1 (3e9f4b065a9d)
[Subsystems] Discovering subsystems at path C:/Program Files/Unity/Hub/Editor/2020.3.1f1c1/Editor/Data/Resources/UnitySubsystems
[Subsystems] Discovering subsystems at path C:/Git/Card/Services/GameDesigner-master/GameDesigner/Example/UnityAnalysis/Assets
GfxDevice: creating device client; threaded=0
Direct3D:
    Version:  Direct3D 11.0 [level 11.0]
    Renderer: NVIDIA GeForce GTX 960M (ID=0x139b)
    Vendor:   
    VRAM:     2010 MB
    Driver:   30.0.14.7141
Initialize mono
Mono path[0] = 'C:/Program Files/Unity/Hub/Editor/2020.3.1f1c1/Editor/Data/Managed'
Mono path[1] = 'C:/Program Files/Unity/Hub/Editor/2020.3.1f1c1/Editor/Data/MonoBleedingEdge/lib/mono/unityjit'
Mono config path = 'C:/Program Files/Unity/Hub/Editor/2020.3.1f1c1/Editor/Data/MonoBleedingEdge/etc'
Using monoOptions --debugger-agent=transport=dt_socket,embedding=1,server=y,suspend=n,address=127.0.0.1:56556
Begin MonoManager ReloadAssembly
Registering precompiled unity dll's ...
Register platform support module: C:/Program Files/Unity/Hub/Editor/2020.3.1f1c1/Editor/Data/PlaybackEngines/WindowsStandaloneSupport/UnityEditor.WindowsStandalone.Extensions.dll
Registered in 0.002858 seconds.
Native extension for WindowsStandalone target not found
Refreshing native plugins compatible for Editor in 33.33 ms, found 0 plugins.
Preloading 0 native plugins for Editor in 0.00 ms.
Invoked RoslynAnalysisRunner static constructor.
RoslynAnalysisRunner will not be running.
RoslynAnalysisRunner has terminated.
Mono: successfully reloaded assembly
- Completed reload, in  2.707 seconds
Platform modules already initialized, skipping
Registering precompiled user dll's ...
Registered in 0.001089 seconds.
Begin MonoManager ReloadAssembly
Native extension for WindowsStandalone target not found
Refreshing native plugins compatible for Editor in 0.23 ms, found 0 plugins.
Preloading 0 native plugins for Editor in 0.00 ms.
Invoked RoslynAnalysisRunner static constructor.
RoslynAnalysisRunner will not be running.
RoslynAnalysisRunner has terminated.
Mono: successfully reloaded assembly
- Completed reload, in  1.168 seconds
Platform modules already initialized, skipping
========================================================================
Worker process is ready to serve import requests
Launched and connected shader compiler UnityShaderCompiler.exe after 0.14 seconds
Refreshing native plugins compatible for Editor in 0.26 ms, found 0 plugins.
Preloading 0 native plugins for Editor in 0.00 ms.
Unloading 1113 Unused Serialized files (Serialized files now loaded: 0)
System memory in use before: 62.1 MB.
System memory in use after: 62.2 MB.

Unloading 9 unused Assets to reduce memory usage. Loaded Objects now: 1556.
Total: 2.618600 ms (FindLiveObjects: 0.606300 ms CreateObjectMapping: 0.258300 ms MarkObjects: 1.617800 ms  DeleteObjects: 0.134000 ms)

========================================================================
Received Import Request.
  path: Assets/Scenes/SampleScene.unity
  artifactKey: Guid(9fc0d4010bbf28b4594072e72b8655ab) Importer(815301076,1909f56bfc062723c751e8b465ee728b)
Start importing Assets/Scenes/SampleScene.unity using Guid(9fc0d4010bbf28b4594072e72b8655ab) Importer(815301076,1909f56bfc062723c751e8b465ee728b)  -> (artifact id: '0df8a2db0f1d77b97665fe5146c05148') in 0.023681 seconds
  Import took 0.028621 seconds .

========================================================================
Received Import Request.
  Time since last request: 3.697279 seconds.
  path: Assets/Scenes/01_Transform.unity
  artifactKey: Guid(9fc0d4010bbf28b4594072e72b8655ab) Importer(815301076,1909f56bfc062723c751e8b465ee728b)
Start importing Assets/Scenes/01_Transform.unity using Guid(9fc0d4010bbf28b4594072e72b8655ab) Importer(815301076,1909f56bfc062723c751e8b465ee728b)  -> (artifact id: '2b1d1a5a732890398048a7dc11f9e343') in 0.022279 seconds
  Import took 0.029371 seconds .

========================================================================
Received Import Request.
  Time since last request: 28.631873 seconds.
  path: Assets/01_Transform
  artifactKey: Guid(8b7408a8b3440e24f8f8414d2e6afefa) Importer(815301076,1909f56bfc062723c751e8b465ee728b)
Start importing Assets/01_Transform using Guid(8b7408a8b3440e24f8f8414d2e6afefa) Importer(815301076,1909f56bfc062723c751e8b465ee728b)  -> (artifact id: '51e099cd1bcfd1b5db82e9ed5763d7da') in 0.012248 seconds
  Import took 0.016079 seconds .

========================================================================
Received Import Request.
  Time since last request: 7.782113 seconds.
  path: Assets/01_Transform/Scripts
  artifactKey: Guid(ed189684d965e7c4cb7281cb162a0b4e) Importer(815301076,1909f56bfc062723c751e8b465ee728b)
Start importing Assets/01_Transform/Scripts using Guid(ed189684d965e7c4cb7281cb162a0b4e) Importer(815301076,1909f56bfc062723c751e8b465ee728b)  -> (artifact id: '9b39d07b2afb04a18d231b211168c6c1') in 0.011809 seconds
  Import took 0.015553 seconds .

========================================================================
Received Import Request.
  Time since last request: 59.536678 seconds.
  path: Assets/01_Transform/Scripts/TransformAnalysis.cs
  artifactKey: Guid(2eaeecdc9e2bb0340abb6367e682da31) Importer(815301076,1909f56bfc062723c751e8b465ee728b)
Start importing Assets/01_Transform/Scripts/TransformAnalysis.cs using Guid(2eaeecdc9e2bb0340abb6367e682da31) Importer(815301076,1909f56bfc062723c751e8b465ee728b)  -> (artifact id: 'e4043f4f7136dd606580832b54630522') in 0.042008 seconds
  Import took 0.046218 seconds .

========================================================================
Received Import Request.
  Time since last request: 19.464794 seconds.
  path: Assets/01_Transform/Scripts/TransformAnalysis.cs
  artifactKey: Guid(2eaeecdc9e2bb0340abb6367e682da31) Importer(815301076,1909f56bfc062723c751e8b465ee728b)
Start importing Assets/01_Transform/Scripts/TransformAnalysis.cs using Guid(2eaeecdc9e2bb0340abb6367e682da31) Importer(815301076,1909f56bfc062723c751e8b465ee728b)  -> (artifact id: '1827882f554b46a281657ffa5191ca41') in 0.003630 seconds
  Import took 0.010084 seconds .

========================================================================
Received Import Request.
  Time since last request: 31.707697 seconds.
  path: Assets/01_Transform/Scripts/TransformAnalysis.cs
  artifactKey: Guid(2eaeecdc9e2bb0340abb6367e682da31) Importer(815301076,1909f56bfc062723c751e8b465ee728b)
Start importing Assets/01_Transform/Scripts/TransformAnalysis.cs using Guid(2eaeecdc9e2bb0340abb6367e682da31) Importer(815301076,1909f56bfc062723c751e8b465ee728b)  -> (artifact id: 'fcad3cb336be62753635be26a70e0cc1') in 0.074290 seconds
  Import took 0.076562 seconds .

========================================================================
Received Import Request.
  Time since last request: 2.628310 seconds.
  path: Assets/01_Transform/Scripts/TransformAnalysis.cs
  artifactKey: Guid(2eaeecdc9e2bb0340abb6367e682da31) Importer(815301076,1909f56bfc062723c751e8b465ee728b)
Start importing Assets/01_Transform/Scripts/TransformAnalysis.cs using Guid(2eaeecdc9e2bb0340abb6367e682da31) Importer(815301076,1909f56bfc062723c751e8b465ee728b)  -> (artifact id: 'e8907aedf19fb4f5c4a329fdea45056a') in 0.019494 seconds
  Import took 0.027856 seconds .

========================================================================
Received Import Request.
  Time since last request: 0.002042 seconds.
  path: Assets/01_Transform/Scripts/TransformAnalysis.cs
  artifactKey: Guid(2eaeecdc9e2bb0340abb6367e682da31) Importer(815301076,1909f56bfc062723c751e8b465ee728b)
Start importing Assets/01_Transform/Scripts/TransformAnalysis.cs using Guid(2eaeecdc9e2bb0340abb6367e682da31) Importer(815301076,1909f56bfc062723c751e8b465ee728b)  -> (artifact id: 'e8907aedf19fb4f5c4a329fdea45056a') in 0.007720 seconds
  Import took 0.010983 seconds .

========================================================================
Received Import Request.
  Time since last request: 7.857006 seconds.
  path: Assets/01_Transform/Scripts/TransformAnalysis.cs
  artifactKey: Guid(2eaeecdc9e2bb0340abb6367e682da31) Importer(815301076,1909f56bfc062723c751e8b465ee728b)
Start importing Assets/01_Transform/Scripts/TransformAnalysis.cs using Guid(2eaeecdc9e2bb0340abb6367e682da31) Importer(815301076,1909f56bfc062723c751e8b465ee728b)  -> (artifact id: 'c946923140663c17e839f336a839a147') in 0.004089 seconds
  Import took 0.008513 seconds .

========================================================================
Received Prepare
Registering precompiled user dll's ...
Registered in 0.001125 seconds.
Begin MonoManager ReloadAssembly
Native extension for WindowsStandalone target not found
Refreshing native plugins compatible for Editor in 0.23 ms, found 0 plugins.
Preloading 0 native plugins for Editor in 0.00 ms.
Invoked RoslynAnalysisRunner static constructor.
RoslynAnalysisRunner will not be running.
RoslynAnalysisRunner has terminated.
Mono: successfully reloaded assembly
- Completed reload, in  1.717 seconds
Platform modules already initialized, skipping
Refreshing native plugins compatible for Editor in 0.26 ms, found 0 plugins.
Preloading 0 native plugins for Editor in 0.00 ms.
Unloading 1108 Unused Serialized files (Serialized files now loaded: 0)
System memory in use before: 62.0 MB.
System memory in use after: 62.1 MB.

Unloading 4 unused Assets to reduce memory usage. Loaded Objects now: 1560.
Total: 2.898500 ms (FindLiveObjects: 0.239700 ms CreateObjectMapping: 0.103300 ms MarkObjects: 2.526900 ms  DeleteObjects: 0.026000 ms)

========================================================================
Received Prepare
Registering precompiled user dll's ...
Registered in 0.001012 seconds.
Begin MonoManager ReloadAssembly
Native extension for WindowsStandalone target not found
Refreshing native plugins compatible for Editor in 0.23 ms, found 0 plugins.
Preloading 0 native plugins for Editor in 0.00 ms.
Invoked RoslynAnalysisRunner static constructor.
RoslynAnalysisRunner will not be running.
RoslynAnalysisRunner has terminated.
Mono: successfully reloaded assembly
- Completed reload, in  1.083 seconds
Platform modules already initialized, skipping
Refreshing native plugins compatible for Editor in 0.25 ms, found 0 plugins.
Preloading 0 native plugins for Editor in 0.00 ms.
Unloading 1108 Unused Serialized files (Serialized files now loaded: 0)
System memory in use before: 62.1 MB.
System memory in use after: 62.2 MB.

Unloading 4 unused Assets to reduce memory usage. Loaded Objects now: 1563.
Total: 2.285800 ms (FindLiveObjects: 0.252800 ms CreateObjectMapping: 0.092000 ms MarkObjects: 1.893200 ms  DeleteObjects: 0.044600 ms)

========================================================================
Received Import Request.
  Time since last request: 448.950911 seconds.
  path: Assets/01_Object/01_Object.unity
  artifactKey: Guid(9fc0d4010bbf28b4594072e72b8655ab) Importer(815301076,1909f56bfc062723c751e8b465ee728b)
Start importing Assets/01_Object/01_Object.unity using Guid(9fc0d4010bbf28b4594072e72b8655ab) Importer(815301076,1909f56bfc062723c751e8b465ee728b)  -> (artifact id: '2d234ecaff8fe8556f8cf01ba282acec') in 0.030158 seconds
  Import took 0.040562 seconds .

========================================================================
Received Import Request.
  Time since last request: 0.001595 seconds.
  path: Assets/01_Object/01_Object.unity
  artifactKey: Guid(9fc0d4010bbf28b4594072e72b8655ab) Importer(815301076,1909f56bfc062723c751e8b465ee728b)
Start importing Assets/01_Object/01_Object.unity using Guid(9fc0d4010bbf28b4594072e72b8655ab) Importer(815301076,1909f56bfc062723c751e8b465ee728b)  -> (artifact id: '2d234ecaff8fe8556f8cf01ba282acec') in 0.008050 seconds
  Import took 0.010583 seconds .

========================================================================
Received Prepare
Registering precompiled user dll's ...
Registered in 0.000987 seconds.
Begin MonoManager ReloadAssembly
Native extension for WindowsStandalone target not found
Refreshing native plugins compatible for Editor in 0.32 ms, found 0 plugins.
Preloading 0 native plugins for Editor in 0.00 ms.
Invoked RoslynAnalysisRunner static constructor.
RoslynAnalysisRunner will not be running.
RoslynAnalysisRunner has terminated.
Mono: successfully reloaded assembly
- Completed reload, in  1.634 seconds
Platform modules already initialized, skipping
Refreshing native plugins compatible for Editor in 0.28 ms, found 0 plugins.
Preloading 0 native plugins for Editor in 0.00 ms.
Unloading 1108 Unused Serialized files (Serialized files now loaded: 0)
System memory in use before: 62.1 MB.
System memory in use after: 62.2 MB.

Unloading 4 unused Assets to reduce memory usage. Loaded Objects now: 1566.
Total: 2.029500 ms (FindLiveObjects: 0.222600 ms CreateObjectMapping: 0.055200 ms MarkObjects: 1.728900 ms  DeleteObjects: 0.020700 ms)

========================================================================
Received Import Request.
  Time since last request: 374.570826 seconds.
  path: Assets/01_Object/Scripts/ObjectAnalysis.cs
  artifactKey: Guid(2eaeecdc9e2bb0340abb6367e682da31) Importer(815301076,1909f56bfc062723c751e8b465ee728b)
Start importing Assets/01_Object/Scripts/ObjectAnalysis.cs using Guid(2eaeecdc9e2bb0340abb6367e682da31) Importer(815301076,1909f56bfc062723c751e8b465ee728b)  -> (artifact id: '710df21ad55c9a85d90ef1b92d80d23a') in 0.012216 seconds
  Import took 0.017735 seconds .

AssetImportWorkerClient::OnTransportError - code=2 error=End of file
