Using pre-set license
Built from '2020.3/china_unity/release' branch; Version is '2020.3.1f1c1 (3e9f4b065a9d) revision 4104011'; Using compiler version '192528614'; Build Type 'Release'
OS: 'Windows 10 Home; OS build 19043.1348; Version 2009; 64bit' Language: 'zh' Physical Memory: 12164 MB
BatchMode: 1, IsHumanControllingUs: 0, StartBugReporterOnCrash: 0, Is64bit: 1, IsPro: 0

 COMMAND LINE ARGUMENTS:
C:\Program Files\Unity\Hub\Editor\2020.3.1f1c1\Editor\Unity.exe
-adb2
-batchMode
-noUpm
-name
AssetImportWorker2
-projectPath
D:/Git/UnityAnalysis/UnityAnalysisCore
-logFile
Logs/AssetImportWorker2.log
-srvPort
55519
Successfully changed project path to: D:/Git/UnityAnalysis/UnityAnalysisCore
D:/Git/UnityAnalysis/UnityAnalysisCore
Using Asset Import Pipeline V2.
Refreshing native plugins compatible for Editor in 44.71 ms, found 0 plugins.
Preloading 0 native plugins for Editor in 0.00 ms.
Initialize engine version: 2020.3.1f1c1 (3e9f4b065a9d)
[Subsystems] Discovering subsystems at path C:/Program Files/Unity/Hub/Editor/2020.3.1f1c1/Editor/Data/Resources/UnitySubsystems
[Subsystems] Discovering subsystems at path D:/Git/UnityAnalysis/UnityAnalysisCore/Assets
GfxDevice: creating device client; threaded=0
Direct3D:
    Version:  Direct3D 11.0 [level 11.0]
    Renderer: NVIDIA GeForce GTX 960M (ID=0x139b)
    Vendor:   
    VRAM:     2010 MB
    Driver:   30.0.14.7141
Initialize mono
Mono path[0] = 'C:/Program Files/Unity/Hub/Editor/2020.3.1f1c1/Editor/Data/Managed'
Mono path[1] = 'C:/Program Files/Unity/Hub/Editor/2020.3.1f1c1/Editor/Data/MonoBleedingEdge/lib/mono/unityjit'
Mono config path = 'C:/Program Files/Unity/Hub/Editor/2020.3.1f1c1/Editor/Data/MonoBleedingEdge/etc'
Using monoOptions --debugger-agent=transport=dt_socket,embedding=1,server=y,suspend=n,address=127.0.0.1:56616
Begin MonoManager ReloadAssembly
Registering precompiled unity dll's ...
Register platform support module: C:/Program Files/Unity/Hub/Editor/2020.3.1f1c1/Editor/Data/PlaybackEngines/WindowsStandaloneSupport/UnityEditor.WindowsStandalone.Extensions.dll
Registered in 0.003102 seconds.
Native extension for WindowsStandalone target not found
Refreshing native plugins compatible for Editor in 39.81 ms, found 0 plugins.
Preloading 0 native plugins for Editor in 0.00 ms.
Invoked RoslynAnalysisRunner static constructor.
RoslynAnalysisRunner will not be running.
RoslynAnalysisRunner has terminated.
Mono: successfully reloaded assembly
- Completed reload, in  3.143 seconds
Platform modules already initialized, skipping
Registering precompiled user dll's ...
Registered in 0.000922 seconds.
Begin MonoManager ReloadAssembly
Native extension for WindowsStandalone target not found
Refreshing native plugins compatible for Editor in 0.51 ms, found 0 plugins.
Preloading 0 native plugins for Editor in 0.00 ms.
Invoked RoslynAnalysisRunner static constructor.
RoslynAnalysisRunner will not be running.
RoslynAnalysisRunner has terminated.
Mono: successfully reloaded assembly
- Completed reload, in  1.975 seconds
Platform modules already initialized, skipping
========================================================================
Worker process is ready to serve import requests
Launched and connected shader compiler UnityShaderCompiler.exe after 0.09 seconds
Refreshing native plugins compatible for Editor in 0.28 ms, found 0 plugins.
Preloading 0 native plugins for Editor in 0.00 ms.
Unloading 1557 Unused Serialized files (Serialized files now loaded: 0)
System memory in use before: 76.2 MB.
System memory in use after: 76.3 MB.

Unloading 9 unused Assets to reduce memory usage. Loaded Objects now: 2007.
Total: 3.287800 ms (FindLiveObjects: 0.370500 ms CreateObjectMapping: 0.088300 ms MarkObjects: 2.733900 ms  DeleteObjects: 0.090600 ms)

========================================================================
Received Import Request.
  path: Assets/04_Batch/Scripts/TextureAndMaterialObserver.cs
  artifactKey: Guid(13460dcfc66b6d44ca9d7b56db2f0f0a) Importer(815301076,1909f56bfc062723c751e8b465ee728b)
Start importing Assets/04_Batch/Scripts/TextureAndMaterialObserver.cs using Guid(13460dcfc66b6d44ca9d7b56db2f0f0a) Importer(815301076,1909f56bfc062723c751e8b465ee728b)  -> (artifact id: 'c20baace2fa12b35d9f48b780bfe3361') in 0.069491 seconds
  Import took 0.073167 seconds .

========================================================================
Received Import Request.
  Time since last request: 18.699929 seconds.
  path: Assets/04_Batch/Scripts/TextureAndMaterialObserver.cs
  artifactKey: Guid(13460dcfc66b6d44ca9d7b56db2f0f0a) Importer(815301076,1909f56bfc062723c751e8b465ee728b)
Start importing Assets/04_Batch/Scripts/TextureAndMaterialObserver.cs using Guid(13460dcfc66b6d44ca9d7b56db2f0f0a) Importer(815301076,1909f56bfc062723c751e8b465ee728b)  -> (artifact id: 'cf55aef181722eda4137d2fbca5b9195') in 0.072400 seconds
  Import took 0.086475 seconds .

========================================================================
Received Import Request.
  Time since last request: 8.042345 seconds.
  path: Assets/04_Batch/Scripts/TextureAndMaterialObserver.cs
  artifactKey: Guid(13460dcfc66b6d44ca9d7b56db2f0f0a) Importer(815301076,1909f56bfc062723c751e8b465ee728b)
Start importing Assets/04_Batch/Scripts/TextureAndMaterialObserver.cs using Guid(13460dcfc66b6d44ca9d7b56db2f0f0a) Importer(815301076,1909f56bfc062723c751e8b465ee728b)  -> (artifact id: '0da8ecfbfac3306e7e84c8533d299409') in 0.011419 seconds
  Import took 0.027326 seconds .

========================================================================
Received Import Request.
  Time since last request: 12.508625 seconds.
  path: Assets/04_Batch/Scripts/TextureAndMaterialObserver.cs
  artifactKey: Guid(13460dcfc66b6d44ca9d7b56db2f0f0a) Importer(815301076,1909f56bfc062723c751e8b465ee728b)
Start importing Assets/04_Batch/Scripts/TextureAndMaterialObserver.cs using Guid(13460dcfc66b6d44ca9d7b56db2f0f0a) Importer(815301076,1909f56bfc062723c751e8b465ee728b)  -> (artifact id: 'e45b8942f2263c28d541db7ff6b949da') in 0.039984 seconds
  Import took 0.085288 seconds .

========================================================================
Received Import Request.
  Time since last request: 19.272792 seconds.
  path: Assets/04_Batch/Scripts/TextureAndMaterialObserver.cs
  artifactKey: Guid(13460dcfc66b6d44ca9d7b56db2f0f0a) Importer(815301076,1909f56bfc062723c751e8b465ee728b)
Start importing Assets/04_Batch/Scripts/TextureAndMaterialObserver.cs using Guid(13460dcfc66b6d44ca9d7b56db2f0f0a) Importer(815301076,1909f56bfc062723c751e8b465ee728b)  -> (artifact id: '6245b680f320aeea4cf0874bb4a03db3') in 0.055021 seconds
  Import took 0.059441 seconds .

========================================================================
Received Import Request.
  Time since last request: 6.349857 seconds.
  path: Assets/04_Batch/Scripts/TextureAndMaterialObserver.cs
  artifactKey: Guid(13460dcfc66b6d44ca9d7b56db2f0f0a) Importer(815301076,1909f56bfc062723c751e8b465ee728b)
Start importing Assets/04_Batch/Scripts/TextureAndMaterialObserver.cs using Guid(13460dcfc66b6d44ca9d7b56db2f0f0a) Importer(815301076,1909f56bfc062723c751e8b465ee728b)  -> (artifact id: 'cee9e61176b0dc10213b4c04a8f1a879') in 0.091037 seconds
  Import took 0.095651 seconds .

========================================================================
Received Import Request.
  Time since last request: 9.202004 seconds.
  path: Assets/04_Batch/Scripts/TextureAndMaterialObserver.cs
  artifactKey: Guid(13460dcfc66b6d44ca9d7b56db2f0f0a) Importer(815301076,1909f56bfc062723c751e8b465ee728b)
Start importing Assets/04_Batch/Scripts/TextureAndMaterialObserver.cs using Guid(13460dcfc66b6d44ca9d7b56db2f0f0a) Importer(815301076,1909f56bfc062723c751e8b465ee728b)  -> (artifact id: 'aa271f3b69d2276b631612d211fffb78') in 0.017975 seconds
  Import took 0.022956 seconds .

========================================================================
Received Import Request.
  Time since last request: 21.403105 seconds.
  path: Assets/04_Batch/Scripts/TextureAndMaterialObserver.cs
  artifactKey: Guid(13460dcfc66b6d44ca9d7b56db2f0f0a) Importer(815301076,1909f56bfc062723c751e8b465ee728b)
Start importing Assets/04_Batch/Scripts/TextureAndMaterialObserver.cs using Guid(13460dcfc66b6d44ca9d7b56db2f0f0a) Importer(815301076,1909f56bfc062723c751e8b465ee728b)  -> (artifact id: '28b12f8cb067f53161c04580b00127b1') in 0.011178 seconds
  Import took 0.016095 seconds .

========================================================================
Received Import Request.
  Time since last request: 92.700437 seconds.
  path: Assets/04_Batch/Scripts/TextureAndMaterialObserver.cs
  artifactKey: Guid(13460dcfc66b6d44ca9d7b56db2f0f0a) Importer(815301076,1909f56bfc062723c751e8b465ee728b)
Start importing Assets/04_Batch/Scripts/TextureAndMaterialObserver.cs using Guid(13460dcfc66b6d44ca9d7b56db2f0f0a) Importer(815301076,1909f56bfc062723c751e8b465ee728b)  -> (artifact id: '97a264e3a07ec603b4a1b8829eb4d128') in 0.012588 seconds
  Import took 0.017809 seconds .

========================================================================
Received Import Request.
  Time since last request: 17.745258 seconds.
  path: Assets/04_Batch/Scripts/TextureAndMaterialObserver.cs
  artifactKey: Guid(13460dcfc66b6d44ca9d7b56db2f0f0a) Importer(815301076,1909f56bfc062723c751e8b465ee728b)
Start importing Assets/04_Batch/Scripts/TextureAndMaterialObserver.cs using Guid(13460dcfc66b6d44ca9d7b56db2f0f0a) Importer(815301076,1909f56bfc062723c751e8b465ee728b)  -> (artifact id: '5cb7d4cb1fb87c25e05aeea5dd802dba') in 0.016106 seconds
  Import took 0.020007 seconds .

========================================================================
Received Prepare
Registering precompiled user dll's ...
Registered in 0.002833 seconds.
Begin MonoManager ReloadAssembly
Native extension for WindowsStandalone target not found
Refreshing native plugins compatible for Editor in 0.30 ms, found 0 plugins.
Preloading 0 native plugins for Editor in 0.00 ms.
Invoked RoslynAnalysisRunner static constructor.
RoslynAnalysisRunner will not be running.
RoslynAnalysisRunner has terminated.
Mono: successfully reloaded assembly
- Completed reload, in  1.498 seconds
Platform modules already initialized, skipping
Refreshing native plugins compatible for Editor in 0.35 ms, found 0 plugins.
Preloading 0 native plugins for Editor in 0.00 ms.
Unloading 1539 Unused Serialized files (Serialized files now loaded: 0)
System memory in use before: 75.9 MB.
System memory in use after: 76.0 MB.

Unloading 4 unused Assets to reduce memory usage. Loaded Objects now: 2010.
Total: 3.042600 ms (FindLiveObjects: 0.397000 ms CreateObjectMapping: 0.107400 ms MarkObjects: 2.479200 ms  DeleteObjects: 0.057200 ms)

========================================================================
Received Prepare
Registering precompiled user dll's ...
Registered in 0.001009 seconds.
Begin MonoManager ReloadAssembly
Native extension for WindowsStandalone target not found
Refreshing native plugins compatible for Editor in 0.46 ms, found 0 plugins.
Preloading 0 native plugins for Editor in 0.00 ms.
Invoked RoslynAnalysisRunner static constructor.
RoslynAnalysisRunner will not be running.
RoslynAnalysisRunner has terminated.
Mono: successfully reloaded assembly
- Completed reload, in  1.297 seconds
Platform modules already initialized, skipping
Refreshing native plugins compatible for Editor in 0.36 ms, found 0 plugins.
Preloading 0 native plugins for Editor in 0.00 ms.
Unloading 1539 Unused Serialized files (Serialized files now loaded: 0)
System memory in use before: 75.9 MB.
System memory in use after: 76.0 MB.

Unloading 4 unused Assets to reduce memory usage. Loaded Objects now: 2013.
Total: 2.270300 ms (FindLiveObjects: 0.230700 ms CreateObjectMapping: 0.067600 ms MarkObjects: 1.934200 ms  DeleteObjects: 0.036000 ms)

========================================================================
Received Prepare
Registering precompiled user dll's ...
Registered in 0.000946 seconds.
Begin MonoManager ReloadAssembly
Native extension for WindowsStandalone target not found
Refreshing native plugins compatible for Editor in 0.28 ms, found 0 plugins.
Preloading 0 native plugins for Editor in 0.00 ms.
Invoked RoslynAnalysisRunner static constructor.
RoslynAnalysisRunner will not be running.
RoslynAnalysisRunner has terminated.
Mono: successfully reloaded assembly
- Completed reload, in  1.438 seconds
Platform modules already initialized, skipping
Refreshing native plugins compatible for Editor in 0.32 ms, found 0 plugins.
Preloading 0 native plugins for Editor in 0.00 ms.
Unloading 1539 Unused Serialized files (Serialized files now loaded: 0)
System memory in use before: 75.9 MB.
System memory in use after: 76.0 MB.

Unloading 4 unused Assets to reduce memory usage. Loaded Objects now: 2016.
Total: 3.369500 ms (FindLiveObjects: 0.264700 ms CreateObjectMapping: 0.071500 ms MarkObjects: 3.010400 ms  DeleteObjects: 0.021200 ms)

========================================================================
Received Prepare
Registering precompiled user dll's ...
Registered in 0.001542 seconds.
Begin MonoManager ReloadAssembly
Native extension for WindowsStandalone target not found
Refreshing native plugins compatible for Editor in 0.30 ms, found 0 plugins.
Preloading 0 native plugins for Editor in 0.00 ms.
Invoked RoslynAnalysisRunner static constructor.
RoslynAnalysisRunner will not be running.
RoslynAnalysisRunner has terminated.
Mono: successfully reloaded assembly
- Completed reload, in  1.682 seconds
Platform modules already initialized, skipping
Refreshing native plugins compatible for Editor in 0.47 ms, found 0 plugins.
Preloading 0 native plugins for Editor in 0.00 ms.
Unloading 1539 Unused Serialized files (Serialized files now loaded: 0)
System memory in use before: 75.9 MB.
System memory in use after: 76.0 MB.

Unloading 4 unused Assets to reduce memory usage. Loaded Objects now: 2019.
Total: 12.066800 ms (FindLiveObjects: 0.217900 ms CreateObjectMapping: 0.532300 ms MarkObjects: 11.276500 ms  DeleteObjects: 0.037900 ms)

========================================================================
Received Prepare
Registering precompiled user dll's ...
Registered in 0.001968 seconds.
Begin MonoManager ReloadAssembly
Native extension for WindowsStandalone target not found
Refreshing native plugins compatible for Editor in 0.32 ms, found 0 plugins.
Preloading 0 native plugins for Editor in 0.00 ms.
Invoked RoslynAnalysisRunner static constructor.
RoslynAnalysisRunner will not be running.
RoslynAnalysisRunner has terminated.
Mono: successfully reloaded assembly
- Completed reload, in  1.391 seconds
Platform modules already initialized, skipping
Refreshing native plugins compatible for Editor in 0.51 ms, found 0 plugins.
Preloading 0 native plugins for Editor in 0.00 ms.
Unloading 1539 Unused Serialized files (Serialized files now loaded: 0)
System memory in use before: 75.9 MB.
System memory in use after: 76.0 MB.

Unloading 4 unused Assets to reduce memory usage. Loaded Objects now: 2022.
Total: 4.879400 ms (FindLiveObjects: 0.416800 ms CreateObjectMapping: 0.531800 ms MarkObjects: 3.855600 ms  DeleteObjects: 0.070700 ms)

========================================================================
Received Prepare
Registering precompiled user dll's ...
Registered in 0.000978 seconds.
Begin MonoManager ReloadAssembly
Native extension for WindowsStandalone target not found
Refreshing native plugins compatible for Editor in 0.49 ms, found 0 plugins.
Preloading 0 native plugins for Editor in 0.00 ms.
Invoked RoslynAnalysisRunner static constructor.
RoslynAnalysisRunner will not be running.
RoslynAnalysisRunner has terminated.
Mono: successfully reloaded assembly
- Completed reload, in  1.482 seconds
Platform modules already initialized, skipping
Refreshing native plugins compatible for Editor in 0.59 ms, found 0 plugins.
Preloading 0 native plugins for Editor in 0.00 ms.
Unloading 1539 Unused Serialized files (Serialized files now loaded: 0)
System memory in use before: 75.9 MB.
System memory in use after: 76.1 MB.

Unloading 4 unused Assets to reduce memory usage. Loaded Objects now: 2025.
Total: 5.451800 ms (FindLiveObjects: 0.297700 ms CreateObjectMapping: 0.103500 ms MarkObjects: 5.029900 ms  DeleteObjects: 0.019000 ms)

========================================================================
Received Prepare
Registering precompiled user dll's ...
Registered in 0.002025 seconds.
Begin MonoManager ReloadAssembly
Native extension for WindowsStandalone target not found
Refreshing native plugins compatible for Editor in 0.30 ms, found 0 plugins.
Preloading 0 native plugins for Editor in 0.00 ms.
Invoked RoslynAnalysisRunner static constructor.
RoslynAnalysisRunner will not be running.
RoslynAnalysisRunner has terminated.
Mono: successfully reloaded assembly
- Completed reload, in  1.437 seconds
Platform modules already initialized, skipping
Refreshing native plugins compatible for Editor in 0.43 ms, found 0 plugins.
Preloading 0 native plugins for Editor in 0.00 ms.
Unloading 1539 Unused Serialized files (Serialized files now loaded: 0)
System memory in use before: 76.0 MB.
System memory in use after: 76.1 MB.

Unloading 4 unused Assets to reduce memory usage. Loaded Objects now: 2028.
Total: 2.400500 ms (FindLiveObjects: 0.199800 ms CreateObjectMapping: 0.049400 ms MarkObjects: 2.097000 ms  DeleteObjects: 0.053100 ms)

========================================================================
Received Prepare
Registering precompiled user dll's ...
Registered in 0.000946 seconds.
Begin MonoManager ReloadAssembly
Native extension for WindowsStandalone target not found
Refreshing native plugins compatible for Editor in 0.28 ms, found 0 plugins.
Preloading 0 native plugins for Editor in 0.00 ms.
Invoked RoslynAnalysisRunner static constructor.
RoslynAnalysisRunner will not be running.
RoslynAnalysisRunner has terminated.
Mono: successfully reloaded assembly
- Completed reload, in  1.781 seconds
Platform modules already initialized, skipping
Refreshing native plugins compatible for Editor in 0.67 ms, found 0 plugins.
Preloading 0 native plugins for Editor in 0.00 ms.
Unloading 1539 Unused Serialized files (Serialized files now loaded: 0)
System memory in use before: 76.0 MB.
System memory in use after: 76.1 MB.

Unloading 4 unused Assets to reduce memory usage. Loaded Objects now: 2031.
Total: 4.482200 ms (FindLiveObjects: 0.243300 ms CreateObjectMapping: 0.063800 ms MarkObjects: 4.116700 ms  DeleteObjects: 0.056300 ms)

========================================================================
Received Prepare
Registering precompiled user dll's ...
Registered in 0.001419 seconds.
Begin MonoManager ReloadAssembly
Native extension for WindowsStandalone target not found
Refreshing native plugins compatible for Editor in 0.28 ms, found 0 plugins.
Preloading 0 native plugins for Editor in 0.00 ms.
Invoked RoslynAnalysisRunner static constructor.
RoslynAnalysisRunner will not be running.
RoslynAnalysisRunner has terminated.
Mono: successfully reloaded assembly
- Completed reload, in  1.324 seconds
Platform modules already initialized, skipping
Refreshing native plugins compatible for Editor in 0.33 ms, found 0 plugins.
Preloading 0 native plugins for Editor in 0.00 ms.
Unloading 1539 Unused Serialized files (Serialized files now loaded: 0)
System memory in use before: 76.0 MB.
System memory in use after: 76.1 MB.

Unloading 4 unused Assets to reduce memory usage. Loaded Objects now: 2034.
Total: 2.618200 ms (FindLiveObjects: 0.265400 ms CreateObjectMapping: 0.069800 ms MarkObjects: 2.217600 ms  DeleteObjects: 0.058700 ms)

========================================================================
Received Prepare
Registering precompiled user dll's ...
Registered in 0.001004 seconds.
Begin MonoManager ReloadAssembly
Native extension for WindowsStandalone target not found
Refreshing native plugins compatible for Editor in 0.40 ms, found 0 plugins.
Preloading 0 native plugins for Editor in 0.00 ms.
Invoked RoslynAnalysisRunner static constructor.
RoslynAnalysisRunner will not be running.
RoslynAnalysisRunner has terminated.
Mono: successfully reloaded assembly
- Completed reload, in  1.465 seconds
Platform modules already initialized, skipping
Refreshing native plugins compatible for Editor in 0.29 ms, found 0 plugins.
Preloading 0 native plugins for Editor in 0.00 ms.
Unloading 1539 Unused Serialized files (Serialized files now loaded: 0)
System memory in use before: 76.0 MB.
System memory in use after: 76.1 MB.

Unloading 4 unused Assets to reduce memory usage. Loaded Objects now: 2037.
Total: 3.455300 ms (FindLiveObjects: 0.349600 ms CreateObjectMapping: 0.092600 ms MarkObjects: 2.974400 ms  DeleteObjects: 0.036600 ms)

========================================================================
Received Prepare
Registering precompiled user dll's ...
Registered in 0.000917 seconds.
Begin MonoManager ReloadAssembly
Native extension for WindowsStandalone target not found
Refreshing native plugins compatible for Editor in 0.28 ms, found 0 plugins.
Preloading 0 native plugins for Editor in 0.00 ms.
Invoked RoslynAnalysisRunner static constructor.
RoslynAnalysisRunner will not be running.
RoslynAnalysisRunner has terminated.
Mono: successfully reloaded assembly
- Completed reload, in  1.245 seconds
Platform modules already initialized, skipping
Refreshing native plugins compatible for Editor in 0.30 ms, found 0 plugins.
Preloading 0 native plugins for Editor in 0.00 ms.
Unloading 1539 Unused Serialized files (Serialized files now loaded: 0)
System memory in use before: 76.0 MB.
System memory in use after: 76.1 MB.

Unloading 4 unused Assets to reduce memory usage. Loaded Objects now: 2040.
Total: 3.249400 ms (FindLiveObjects: 0.190500 ms CreateObjectMapping: 0.068700 ms MarkObjects: 2.952000 ms  DeleteObjects: 0.036900 ms)

========================================================================
Received Prepare
Registering precompiled user dll's ...
Registered in 0.001010 seconds.
Begin MonoManager ReloadAssembly
Native extension for WindowsStandalone target not found
Refreshing native plugins compatible for Editor in 0.39 ms, found 0 plugins.
Preloading 0 native plugins for Editor in 0.00 ms.
Invoked RoslynAnalysisRunner static constructor.
RoslynAnalysisRunner will not be running.
RoslynAnalysisRunner has terminated.
Mono: successfully reloaded assembly
- Completed reload, in  1.269 seconds
Platform modules already initialized, skipping
Refreshing native plugins compatible for Editor in 0.35 ms, found 0 plugins.
Preloading 0 native plugins for Editor in 0.00 ms.
Unloading 1539 Unused Serialized files (Serialized files now loaded: 0)
System memory in use before: 76.0 MB.
System memory in use after: 76.1 MB.

Unloading 4 unused Assets to reduce memory usage. Loaded Objects now: 2043.
Total: 3.680300 ms (FindLiveObjects: 0.268400 ms CreateObjectMapping: 0.094400 ms MarkObjects: 3.292200 ms  DeleteObjects: 0.021300 ms)

========================================================================
Received Prepare
Registering precompiled user dll's ...
Registered in 0.000938 seconds.
Begin MonoManager ReloadAssembly
Native extension for WindowsStandalone target not found
Refreshing native plugins compatible for Editor in 0.37 ms, found 0 plugins.
Preloading 0 native plugins for Editor in 0.00 ms.
Invoked RoslynAnalysisRunner static constructor.
RoslynAnalysisRunner will not be running.
RoslynAnalysisRunner has terminated.
Mono: successfully reloaded assembly
- Completed reload, in  1.496 seconds
Platform modules already initialized, skipping
Refreshing native plugins compatible for Editor in 0.30 ms, found 0 plugins.
Preloading 0 native plugins for Editor in 0.00 ms.
Unloading 1539 Unused Serialized files (Serialized files now loaded: 0)
System memory in use before: 76.0 MB.
System memory in use after: 76.1 MB.

Unloading 4 unused Assets to reduce memory usage. Loaded Objects now: 2046.
Total: 3.186700 ms (FindLiveObjects: 0.448400 ms CreateObjectMapping: 0.134700 ms MarkObjects: 2.549200 ms  DeleteObjects: 0.053200 ms)

========================================================================
Received Prepare
Registering precompiled user dll's ...
Registered in 0.001474 seconds.
Begin MonoManager ReloadAssembly
Native extension for WindowsStandalone target not found
Refreshing native plugins compatible for Editor in 0.28 ms, found 0 plugins.
Preloading 0 native plugins for Editor in 0.00 ms.
Invoked RoslynAnalysisRunner static constructor.
RoslynAnalysisRunner will not be running.
RoslynAnalysisRunner has terminated.
Mono: successfully reloaded assembly
- Completed reload, in  1.276 seconds
Platform modules already initialized, skipping
Refreshing native plugins compatible for Editor in 0.36 ms, found 0 plugins.
Preloading 0 native plugins for Editor in 0.00 ms.
Unloading 1539 Unused Serialized files (Serialized files now loaded: 0)
System memory in use before: 76.0 MB.
System memory in use after: 76.1 MB.

Unloading 4 unused Assets to reduce memory usage. Loaded Objects now: 2049.
Total: 3.937800 ms (FindLiveObjects: 0.291800 ms CreateObjectMapping: 0.138000 ms MarkObjects: 3.484400 ms  DeleteObjects: 0.022100 ms)

========================================================================
Received Prepare
Registering precompiled user dll's ...
Registered in 0.001031 seconds.
Begin MonoManager ReloadAssembly
Native extension for WindowsStandalone target not found
Refreshing native plugins compatible for Editor in 0.33 ms, found 0 plugins.
Preloading 0 native plugins for Editor in 0.00 ms.
Invoked RoslynAnalysisRunner static constructor.
RoslynAnalysisRunner will not be running.
RoslynAnalysisRunner has terminated.
Mono: successfully reloaded assembly
- Completed reload, in  1.665 seconds
Platform modules already initialized, skipping
Refreshing native plugins compatible for Editor in 0.35 ms, found 0 plugins.
Preloading 0 native plugins for Editor in 0.00 ms.
Unloading 1539 Unused Serialized files (Serialized files now loaded: 0)
System memory in use before: 76.0 MB.
System memory in use after: 76.1 MB.

Unloading 4 unused Assets to reduce memory usage. Loaded Objects now: 2052.
Total: 2.582100 ms (FindLiveObjects: 0.225300 ms CreateObjectMapping: 0.065800 ms MarkObjects: 2.269100 ms  DeleteObjects: 0.020300 ms)

========================================================================
Received Prepare
Registering precompiled user dll's ...
Registered in 0.000928 seconds.
Begin MonoManager ReloadAssembly
Native extension for WindowsStandalone target not found
Refreshing native plugins compatible for Editor in 0.28 ms, found 0 plugins.
Preloading 0 native plugins for Editor in 0.00 ms.
Invoked RoslynAnalysisRunner static constructor.
RoslynAnalysisRunner will not be running.
RoslynAnalysisRunner has terminated.
Mono: successfully reloaded assembly
- Completed reload, in  1.311 seconds
Platform modules already initialized, skipping
Refreshing native plugins compatible for Editor in 0.29 ms, found 0 plugins.
Preloading 0 native plugins for Editor in 0.00 ms.
Unloading 1539 Unused Serialized files (Serialized files now loaded: 0)
System memory in use before: 76.0 MB.
System memory in use after: 76.1 MB.

Unloading 4 unused Assets to reduce memory usage. Loaded Objects now: 2055.
Total: 2.962600 ms (FindLiveObjects: 0.249500 ms CreateObjectMapping: 0.072700 ms MarkObjects: 2.619700 ms  DeleteObjects: 0.019300 ms)

========================================================================
Received Prepare
Registering precompiled user dll's ...
Registered in 0.001047 seconds.
Begin MonoManager ReloadAssembly
Native extension for WindowsStandalone target not found
Refreshing native plugins compatible for Editor in 0.27 ms, found 0 plugins.
Preloading 0 native plugins for Editor in 0.00 ms.
Invoked RoslynAnalysisRunner static constructor.
RoslynAnalysisRunner will not be running.
RoslynAnalysisRunner has terminated.
Mono: successfully reloaded assembly
- Completed reload, in  1.311 seconds
Platform modules already initialized, skipping
Refreshing native plugins compatible for Editor in 0.30 ms, found 0 plugins.
Preloading 0 native plugins for Editor in 0.00 ms.
Unloading 1539 Unused Serialized files (Serialized files now loaded: 0)
System memory in use before: 76.0 MB.
System memory in use after: 76.1 MB.

Unloading 4 unused Assets to reduce memory usage. Loaded Objects now: 2058.
Total: 4.395600 ms (FindLiveObjects: 0.648900 ms CreateObjectMapping: 0.144400 ms MarkObjects: 3.524100 ms  DeleteObjects: 0.076400 ms)

========================================================================
Received Prepare
Registering precompiled user dll's ...
Registered in 0.000965 seconds.
Begin MonoManager ReloadAssembly
Native extension for WindowsStandalone target not found
Refreshing native plugins compatible for Editor in 0.30 ms, found 0 plugins.
Preloading 0 native plugins for Editor in 0.00 ms.
Invoked RoslynAnalysisRunner static constructor.
RoslynAnalysisRunner will not be running.
RoslynAnalysisRunner has terminated.
Mono: successfully reloaded assembly
- Completed reload, in  1.475 seconds
Platform modules already initialized, skipping
Refreshing native plugins compatible for Editor in 0.55 ms, found 0 plugins.
Preloading 0 native plugins for Editor in 0.00 ms.
Unloading 1539 Unused Serialized files (Serialized files now loaded: 0)
System memory in use before: 76.0 MB.
System memory in use after: 76.2 MB.

Unloading 4 unused Assets to reduce memory usage. Loaded Objects now: 2061.
Total: 3.691800 ms (FindLiveObjects: 0.474500 ms CreateObjectMapping: 0.164000 ms MarkObjects: 3.015000 ms  DeleteObjects: 0.036300 ms)

========================================================================
Received Prepare
Registering precompiled user dll's ...
Registered in 0.000939 seconds.
Begin MonoManager ReloadAssembly
Native extension for WindowsStandalone target not found
Refreshing native plugins compatible for Editor in 0.28 ms, found 0 plugins.
Preloading 0 native plugins for Editor in 0.00 ms.
Invoked RoslynAnalysisRunner static constructor.
RoslynAnalysisRunner will not be running.
RoslynAnalysisRunner has terminated.
Mono: successfully reloaded assembly
- Completed reload, in  1.421 seconds
Platform modules already initialized, skipping
Refreshing native plugins compatible for Editor in 0.33 ms, found 0 plugins.
Preloading 0 native plugins for Editor in 0.00 ms.
Unloading 1539 Unused Serialized files (Serialized files now loaded: 0)
System memory in use before: 76.1 MB.
System memory in use after: 76.2 MB.

Unloading 4 unused Assets to reduce memory usage. Loaded Objects now: 2064.
Total: 2.182300 ms (FindLiveObjects: 0.196700 ms CreateObjectMapping: 0.061500 ms MarkObjects: 1.900100 ms  DeleteObjects: 0.022500 ms)

========================================================================
Received Prepare
Registering precompiled user dll's ...
Registered in 0.000962 seconds.
Begin MonoManager ReloadAssembly
Native extension for WindowsStandalone target not found
Refreshing native plugins compatible for Editor in 0.57 ms, found 0 plugins.
Preloading 0 native plugins for Editor in 0.00 ms.
Invoked RoslynAnalysisRunner static constructor.
RoslynAnalysisRunner will not be running.
RoslynAnalysisRunner has terminated.
Mono: successfully reloaded assembly
- Completed reload, in  1.296 seconds
Platform modules already initialized, skipping
Refreshing native plugins compatible for Editor in 0.33 ms, found 0 plugins.
Preloading 0 native plugins for Editor in 0.00 ms.
Unloading 1539 Unused Serialized files (Serialized files now loaded: 0)
System memory in use before: 76.1 MB.
System memory in use after: 76.2 MB.

Unloading 4 unused Assets to reduce memory usage. Loaded Objects now: 2067.
Total: 3.219300 ms (FindLiveObjects: 0.508300 ms CreateObjectMapping: 0.098200 ms MarkObjects: 2.588200 ms  DeleteObjects: 0.023200 ms)

========================================================================
Received Prepare
Registering precompiled user dll's ...
Registered in 0.002721 seconds.
Begin MonoManager ReloadAssembly
Native extension for WindowsStandalone target not found
Refreshing native plugins compatible for Editor in 0.26 ms, found 0 plugins.
Preloading 0 native plugins for Editor in 0.00 ms.
Invoked RoslynAnalysisRunner static constructor.
RoslynAnalysisRunner will not be running.
RoslynAnalysisRunner has terminated.
Mono: successfully reloaded assembly
- Completed reload, in  1.347 seconds
Platform modules already initialized, skipping
Refreshing native plugins compatible for Editor in 0.32 ms, found 0 plugins.
Preloading 0 native plugins for Editor in 0.00 ms.
Unloading 1539 Unused Serialized files (Serialized files now loaded: 0)
System memory in use before: 76.1 MB.
System memory in use after: 76.2 MB.

Unloading 4 unused Assets to reduce memory usage. Loaded Objects now: 2070.
Total: 7.857200 ms (FindLiveObjects: 0.444600 ms CreateObjectMapping: 0.121500 ms MarkObjects: 7.188600 ms  DeleteObjects: 0.101100 ms)

========================================================================
Received Prepare
Registering precompiled user dll's ...
Registered in 0.000960 seconds.
Begin MonoManager ReloadAssembly
Native extension for WindowsStandalone target not found
Refreshing native plugins compatible for Editor in 0.47 ms, found 0 plugins.
Preloading 0 native plugins for Editor in 0.00 ms.
Invoked RoslynAnalysisRunner static constructor.
RoslynAnalysisRunner will not be running.
RoslynAnalysisRunner has terminated.
Mono: successfully reloaded assembly
- Completed reload, in  1.355 seconds
Platform modules already initialized, skipping
Refreshing native plugins compatible for Editor in 0.31 ms, found 0 plugins.
Preloading 0 native plugins for Editor in 0.00 ms.
Unloading 1539 Unused Serialized files (Serialized files now loaded: 0)
System memory in use before: 76.1 MB.
System memory in use after: 76.2 MB.

Unloading 4 unused Assets to reduce memory usage. Loaded Objects now: 2073.
Total: 3.087100 ms (FindLiveObjects: 0.213300 ms CreateObjectMapping: 0.067200 ms MarkObjects: 2.750400 ms  DeleteObjects: 0.053900 ms)

========================================================================
Received Prepare
Registering precompiled user dll's ...
Registered in 0.001045 seconds.
Begin MonoManager ReloadAssembly
Native extension for WindowsStandalone target not found
Refreshing native plugins compatible for Editor in 0.29 ms, found 0 plugins.
Preloading 0 native plugins for Editor in 0.00 ms.
Invoked RoslynAnalysisRunner static constructor.
RoslynAnalysisRunner will not be running.
RoslynAnalysisRunner has terminated.
Mono: successfully reloaded assembly
- Completed reload, in  1.722 seconds
Platform modules already initialized, skipping
Refreshing native plugins compatible for Editor in 0.30 ms, found 0 plugins.
Preloading 0 native plugins for Editor in 0.00 ms.
Unloading 1539 Unused Serialized files (Serialized files now loaded: 0)
System memory in use before: 76.1 MB.
System memory in use after: 76.2 MB.

Unloading 4 unused Assets to reduce memory usage. Loaded Objects now: 2076.
Total: 2.509700 ms (FindLiveObjects: 0.273400 ms CreateObjectMapping: 0.071000 ms MarkObjects: 2.120500 ms  DeleteObjects: 0.042500 ms)

========================================================================
Received Import Request.
  Time since last request: 1809.206018 seconds.
  path: Assets/04_Batch/Scripts/TextureAndMaterialObserver.cs
  artifactKey: Guid(13460dcfc66b6d44ca9d7b56db2f0f0a) Importer(815301076,1909f56bfc062723c751e8b465ee728b)
Start importing Assets/04_Batch/Scripts/TextureAndMaterialObserver.cs using Guid(13460dcfc66b6d44ca9d7b56db2f0f0a) Importer(815301076,1909f56bfc062723c751e8b465ee728b)  -> (artifact id: 'c927f8b823faa0dfead54a16443afb15') in 0.039294 seconds
  Import took 0.046957 seconds .

========================================================================
Received Prepare
Registering precompiled user dll's ...
Registered in 0.001052 seconds.
Begin MonoManager ReloadAssembly
Native extension for WindowsStandalone target not found
Refreshing native plugins compatible for Editor in 0.94 ms, found 0 plugins.
Preloading 0 native plugins for Editor in 0.00 ms.
Invoked RoslynAnalysisRunner static constructor.
RoslynAnalysisRunner will not be running.
RoslynAnalysisRunner has terminated.
Mono: successfully reloaded assembly
- Completed reload, in  2.428 seconds
Platform modules already initialized, skipping
Refreshing native plugins compatible for Editor in 17.81 ms, found 0 plugins.
Preloading 0 native plugins for Editor in 0.00 ms.
Unloading 1539 Unused Serialized files (Serialized files now loaded: 0)
System memory in use before: 76.1 MB.
System memory in use after: 76.2 MB.

Unloading 4 unused Assets to reduce memory usage. Loaded Objects now: 2079.
Total: 12.861500 ms (FindLiveObjects: 0.365300 ms CreateObjectMapping: 0.097000 ms MarkObjects: 12.364100 ms  DeleteObjects: 0.031200 ms)

========================================================================
Received Prepare
Registering precompiled user dll's ...
Registered in 0.001781 seconds.
Begin MonoManager ReloadAssembly
Native extension for WindowsStandalone target not found
Refreshing native plugins compatible for Editor in 0.38 ms, found 0 plugins.
Preloading 0 native plugins for Editor in 0.00 ms.
Invoked RoslynAnalysisRunner static constructor.
RoslynAnalysisRunner will not be running.
RoslynAnalysisRunner has terminated.
Mono: successfully reloaded assembly
- Completed reload, in  1.500 seconds
Platform modules already initialized, skipping
Refreshing native plugins compatible for Editor in 0.29 ms, found 0 plugins.
Preloading 0 native plugins for Editor in 0.00 ms.
Unloading 1539 Unused Serialized files (Serialized files now loaded: 0)
System memory in use before: 76.1 MB.
System memory in use after: 76.2 MB.

Unloading 4 unused Assets to reduce memory usage. Loaded Objects now: 2082.
Total: 2.349600 ms (FindLiveObjects: 0.232400 ms CreateObjectMapping: 0.102800 ms MarkObjects: 1.943200 ms  DeleteObjects: 0.070000 ms)

AssetImportWorkerClient::OnTransportError - code=2 error=End of file
